         w __deregister_frame_info
         w _ITM_deregisterTMCloneTable
         w _ITM_registerTMCloneTable
         w __register_frame_info
00000000 00000401 b __fixedpath
00000000 b .LANCHOR1
00000000 a shift
00000000 a shift
00000000 b _TLS_MODULE_BASE_
00000404 b .LANCHOR3
00000404 00000802 b __utf16path
00000c08 b .LANCHOR5
00000c08 00000802 b __utf16path_old.8583
00100000 T _start
00100000 A __start__
00100008 T __service_ptr
0010000c T __apt_appid
00100010 T __heap_size
00100014 T __linear_heap_size
00100018 T __system_arglist
0010001c T __system_runflags
00100020 t startup
00100058 t ClearMem
0010006c t ClrLoop
00100094 T _init
001000ac T initSystem
001000f0 T __ctru_exit
00100110 T __aeabi_idiv
00100110 00000220 T __divsi3
00100118 t .divsi3_skip_div0_test
00100330 00000020 T __aeabi_idivmod
00100350 00000004 W __aeabi_idiv0
00100350 00000004 W __aeabi_ldiv0
00100354 T __aeabi_uldivmod
001003a8 00000390 T strcmp
00100730 T __aeabi_uidiv
00100730 000001ec T __udivsi3
00100730 t .udivsi3_skip_div0_test
0010091c 00000020 T __aeabi_uidivmod
0010093c T __aeabi_drsub
00100944 000002b0 T __aeabi_dsub
00100944 000002b0 T __subdf3
00100948 000002ac T __adddf3
00100948 000002ac T __aeabi_dadd
00100bf4 00000024 T __aeabi_ui2d
00100bf4 00000024 T __floatunsidf
00100c18 00000028 T __aeabi_i2d
00100c18 00000028 T __floatsidf
00100c40 00000048 T __aeabi_f2d
00100c40 00000048 T __extendsfdf2
00100c88 00000074 T __aeabi_ul2d
00100c88 00000074 T __floatundidf
00100c9c 00000060 T __aeabi_l2d
00100c9c 00000060 T __floatdidf
00100cfc t deregister_tm_clones
00100d28 t register_tm_clones
00100d60 t __do_global_dtors_aux
00100da4 t frame_dummy
00100dd8 000003d8 T http_post
001011b0 000001d4 T main
00101384 000001b8 T consoleDrawChar
0010153c 00000124 T consolePrintChar
00101660 0000015c t consoleCls
001017bc 00000104 T consoleInit
001018c0 0000010c t consoleClearLine
001019cc 000000c4 t newRow
00101a90 000007cc T con_write
0010225c 0000008c t gfxSetFramebufferInfo.part.0
001022e8 0000006c t gfxSetFramebufferInfo
00102354 00000058 t gfxGetFramebuffer.part.0
001023ac 00000018 T __get_bytes_per_pixel
001023c4 00000184 T gfxSetScreenFormat
00102548 00000010 T gfxSetDoubleBuffering
00102558 00000214 T gfxInit
0010276c 00000010 T gfxInitDefault
0010277c 000000e0 T gfxExit
0010285c 00000064 T gfxGetFramebuffer
001028c0 000000cc T gfxFlushBuffers
0010298c 000000f4 T gfxConfigScreen
00102a80 00000020 T gfxSwapBuffers
00102aa0 00000020 T gfxSwapBuffersGpu
00102ac0 00000074 T gspInit
00102b34 0000003c T gspExit
00102b70 000000a4 T gspInitEventHandler
00102c14 00000040 T gspExitEventHandler
00102c54 00000050 T gspWaitForEvent
00102ca4 00000004 W gxCmdQueueInterrupt
00102ca8 00000178 t gspEventThreadMain
00102e20 0000006c T GSPGPU_SetBufferSwap
00102e8c 0000004c T GSPGPU_FlushDataCache
00102ed8 00000034 T GSPGPU_SetLcdForceBlack
00102f0c 00000064 T GSPGPU_RegisterInterruptRelayQueue
00102f70 0000002c T GSPGPU_UnregisterInterruptRelayQueue
00102f9c 00000048 T GSPGPU_AcquireRight
00102fe4 0000002c T GSPGPU_ReleaseRight
00103010 00000080 T GSPGPU_ImportDisplayCaptureInfo
00103090 0000002c T GSPGPU_SaveVramSysArea
001030bc 0000002c T GSPGPU_RestoreVramSysArea
001030e8 00000004 W _aptDebug
001030ec 00000170 T aptSendCommand
0010325c 0000003c t aptExitProcess
00103298 00000050 T APT_InquireNotification
001032e8 00000194 t aptEventHandler
0010347c 00000074 T APT_AppletUtility
001034f0 000000b0 T aptSetSleepAllowed
001035a0 000000b4 T APT_GlanceParameter
00103654 000000c8 T APT_ReceiveParameter
0010371c 000000bc t aptReceiveParameter.constprop.0
001037d8 000001e0 t aptScreenTransfer
001039b8 00000210 t aptWaitForWakeUp
00103bc8 00000070 T APT_CancelParameter
00103c38 0000025c T aptInit
00103e94 00000088 t aptClearParamQueue
00103f1c 00000264 T aptMainLoop
00104180 00000254 T aptExit
001043d4 0000007c T APT_CheckNew3DS
00104450 00000028 t hidCheckSectionUpdateTime.part.0
00104478 000000d0 T hidExit
00104548 000001d8 T hidScanInput
00104720 00000010 T hidKeysHeld
00104730 00000010 T hidKeysDown
00104740 00000010 T hidKeysUp
00104750 00000018 T hidCircleRead
00104768 00000090 T HIDUSER_GetHandles
001047f8 000001a4 T hidInit
0010499c 0000019c T httpcInit
00104b38 00000094 T httpcExit
00104bcc 0000014c T httpcOpenContext
00104d18 00000044 T httpcCloseContext
00104d5c 00000084 T httpcAddRequestHeaderField
00104de0 00000040 T httpcAddPostDataRaw
00104e20 00000030 T httpcBeginRequest
00104e50 00000040 T httpcReceiveData
00104e90 000000f8 T httpcDownloadData
00104f88 00000054 T httpcGetDownloadSizeState
00104fdc 00000078 T httpcGetResponseHeader
00105054 0000003c T httpcGetResponseStatusCode
00105090 00000034 T httpcSetSSLOpt
001050c4 00000034 T httpcSetKeepAlive
001050f8 00000038 W __libctru_init
00105130 00000034 t __libctru_nanosleep
00105164 00000030 t __ctru_get_reent
00105194 000000fc T __system_initSyscalls
00105290 00000100 W __system_allocateHeaps
00105390 000000f0 T __system_initArgv
00105480 T svcControlMemory
001054a0 T svcExitProcess
001054a8 T svcCreateThread
001054c8 T svcExitThread
001054d0 T svcSleepThread
001054d8 T svcReleaseMutex
001054e0 T svcCreateEvent
001054f4 T svcSignalEvent
001054fc T svcClearEvent
00105504 T svcCreateMemoryBlock
0010551c T svcMapMemoryBlock
00105524 T svcUnmapMemoryBlock
0010552c T svcCreateAddressArbiter
00105540 T svcArbitrateAddress
00105558 T svcCloseHandle
00105560 T svcWaitSynchronization
00105568 T svcWaitSynchronizationN
00105590 T svcDuplicateHandle
001055a4 T svcGetSystemTick
001055ac T svcGetSystemInfo
001055c4 T svcConnectToPort
001055d8 T svcSendSyncRequest
001055e0 T svcBreak
001055e8 00000024 t addrMapNodeComparator(rbtree_node const*, rbtree_node const*)
0010560c 00000004 t addrMapNodeDestructor(rbtree_node*)
00105610 00000114 T vramMemAlign
00105724 00000008 T vramAlloc
0010572c 00000054 T vramFree
00105780 00000024 t addrMapNodeComparator(rbtree_node const*, rbtree_node const*)
001057a4 00000004 t addrMapNodeDestructor(rbtree_node*)
001057a8 000000e8 T mappableAlloc
00105890 00000054 T mappableFree
001058e4 00000024 t addrMapNodeComparator(rbtree_node const*, rbtree_node const*)
00105908 00000004 t addrMapNodeDestructor(rbtree_node*)
0010590c 00000124 T linearMemAlign
00105a30 00000008 T linearAlloc
00105a38 00000054 T linearFree
00105a8c 0000008c T MemPool::CoalesceRight(MemBlock*)
00105b18 00000174 T MemPool::Allocate(MemChunk&, unsigned long, int)
00105c8c 000000fc T MemPool::Deallocate(MemChunk const&)
00105d88 00000038 t LightLock_Unlock.part.0
00105dc0 0000000c T __sync_init
00105dcc 00000018 T __sync_fini
00105de4 00000010 T __sync_get_arbiter
00105df4 00000018 T LightLock_Init
00105e0c 00000090 T LightLock_Lock
00105e9c 00000034 T LightLock_TryLock
00105ed0 00000020 T LightLock_Unlock
00105ef0 00000024 T RecursiveLock_Init
00105f14 00000030 T RecursiveLock_Lock
00105f44 00000058 T RecursiveLock_TryLock
00105f9c 00000038 T RecursiveLock_Unlock
00105fd4 00000038 T LightEvent_Init
0010600c 0000007c T LightEvent_Clear
00106088 000000dc T LightEvent_Signal
00106164 000000c0 T LightEvent_Wait
00106224 00000058 t getSysTime
0010627c 00000028 t __ctru_speedup_config.part.0
001062a4 00000024 T osGetMemRegionUsed
001062c8 00000128 T __libctru_gtod
001063f0 00000018 T __ctru_speedup_config
00106408 00000058 T srvExit
00106460 00000038 T srvRegisterClient
00106498 000000cc T srvInit
00106564 00000080 T srvGetServiceHandleDirect
001065e4 00000048 T srvGetServiceHandle
0010662c 0000001c t threadFree.part.0
00106648 00000180 T threadCreate
001067c8 00000024 T threadJoin
001067ec 00000068 T threadExit
00106854 00000048 t _thread_begin
0010689c 000000ac T irrstScanInput
00106948 00000024 T irrstKeysHeld
0010696c 00000050 T IRRST_GetHandles
001069bc 00000154 T irrstInit
00106b10 0000002c T IRRST_Shutdown
00106b3c 000000ac T irrstExit
00106be8 0000000c T srvPmGetSessionHandle
00106bf4 00000074 T ptmSysmInit
00106c68 0000003c T ptmSysmExit
00106ca4 00000034 T PTMSYSM_ConfigureNew3DSCPU
00106cd8 00000014 T rbtree_init
00106cec 000001a4 t do_insert
00106e90 00000008 T rbtree_insert
00106e98 00000090 T rbtree_rotate
00106f28 00000334 T rbtree_remove
0010725c 00000074 T rbtree_find
001072d0 0000001c W __appInit
001072ec 0000001c W __appExit
00107308 000000a0 W __libctru_exit
001073a8 00000084 T envGetHandle
0010742c 0000004c T envDestroyHandles
00107478 00000014 t sdmc_link
0010748c 00000014 t sdmc_dirreset
001074a0 00000014 t sdmc_chmod
001074b4 00000024 t error_cmp
001074d8 00000050 t sdmc_translate_error
00107528 00000034 t sdmc_fsync
0010755c 00000054 t sdmc_ftruncate
001075b0 000000bc t sdmc_statvfs
0010766c 00000038 t sdmc_dirclose
001076a4 0000013c t sdmc_dirnext
001077e0 00000034 t sdmc_close
00107814 00000070 t sdmc_fstat
00107884 000000d4 t sdmc_seek
00107958 00000078 t sdmc_read
001079d0 000000ac t sdmc_write
00107a7c 000001b0 t sdmc_utf16path
00107c2c 00000074 t sdmc_rmdir
00107ca0 000000a4 t sdmc_diropen
00107d44 000000ac t sdmc_chdir
00107df0 00000098 t sdmc_mkdir
00107e88 00000108 t sdmc_rename
00107f90 00000074 t sdmc_unlink
00108004 00000108 t sdmc_stat
0010810c 00000198 t sdmc_open
001082a4 00000014 t sdmc_fchmod
001082b8 00000168 T sdmcInit
00108420 00000060 T sdmcExit
00108480 00000028 t fsSessionForArchive.part.0
001084a8 000000c4 T fsInit
0010856c 0000003c T fsExit
001085a8 00000064 T fsExemptFromSession
0010860c 0000005c T fsUnexemptFromSession
00108668 000000bc T FSUSER_OpenFile
00108724 000000ac T FSUSER_DeleteFile
001087d0 000000e8 T FSUSER_RenameFile
001088b8 000000ac T FSUSER_DeleteDirectory
00108964 000000c4 T FSUSER_CreateFile
00108a28 000000b4 T FSUSER_CreateDirectory
00108adc 000000e8 T FSUSER_RenameDirectory
00108bc4 000000a0 T FSUSER_OpenDirectory
00108c64 00000098 T FSUSER_OpenArchive
00108cfc 00000078 T FSUSER_CloseArchive
00108d74 00000078 T FSUSER_GetSdmcArchiveResource
00108dec 00000064 T FSUSER_IsSdmcWritable
00108e50 0000005c T FSFILE_Read
00108eac 00000064 T FSFILE_Write
00108f10 00000038 T FSFILE_GetSize
00108f48 00000028 T FSFILE_SetSize
00108f70 0000003c T FSFILE_Close
00108fac 00000024 T FSFILE_Flush
00108fd0 00000054 T FSDIR_Read
00109024 0000003c T FSDIR_Close
00109060 00000050 T rbtree_node_next
001090b0 000000e8 T utf16_to_utf8
00109198 00000060 T decode_utf16
001091f8 00000138 T decode_utf8
00109330 000000c0 T utf8_to_utf16
001093f0 T __aeabi_read_tp
001093fc 00000068 T encode_utf16
00109464 00000104 T encode_utf8
00109568 00000038 T __aeabi_d2lz
00109568 00000038 T __fixdfdi
001095a0 00000040 T __aeabi_d2ulz
001095a0 00000040 T __fixunsdfdi
001095e0 00000130 T __udivmoddi4
00109710 0000007c T bsearch
0010978c 00000034 T exit
001097c0 0000003c T __libc_fini_array
001097fc 0000007c T __libc_init_array
00109878 00000028 T memalign
001098a0 0000014c T _memalign_r
001099ec 00000020 T malloc
00109a0c 00000020 T free
00109a2c 000007d0 T _malloc_r
0010a1fc 000000e0 T memchr
0010a2dc 00000120 T memcpy
0010a3fc 00000118 T memset
0010a514 0000000c T __malloc_lock
0010a520 0000000c T __malloc_unlock
0010a52c 00000034 T printf
0010a560 00000024 T putchar
0010a584 000000dc T _putc_r
0010a660 00000028 T realloc
0010a688 000004bc T _realloc_r
0010ab44 00000260 T setvbuf
0010ada4 00000064 T sprintf
0010ae08 00000074 T sscanf
0010ae7c 0000003c T __sread
0010aeb8 00000008 T __seofread
0010aec0 00000068 T __swrite
0010af28 00000058 T __sseek
0010af80 00000008 T __sclose
0010af88 00000070 T stpcpy
0010aff8 000000f0 T strcpy
0010b0e8 0000005c T strlen
0010b144 00000098 T strncat
0010b1dc 000000c0 T strncpy
0010b29c 00000048 T strnlen
0010b2e4 00000650 t get_arg
0010b938 00003814 T _svfprintf_r
0010f14c 00000048 t get_arg
0010f194 00002b84 T __ssvfscanf_r
00111d18 00000034 T __sprint_r
00111d4c 00000650 t get_arg
001123a0 000038e0 T _vfprintf_r
00115c80 000000d4 t __sbprintf
00115d54 00000108 T __swbuf_r
00115e5c 00000054 T _wcrtomb_r
00115eb0 00000020 T _wcsrtombs_r
00115ed0 00000150 T __swsetup_r
00116020 00000118 T __call_exitprocs
00116138 000001a8 t quorem
001162e0 000012ac T _dtoa_r
0011758c 00000278 T __sflush_r
00117804 00000094 T _fflush_r
00117898 00000078 t std
00117910 0000000c T _cleanup_r
0011791c 0000008c T __sinit
001179a8 0000000c T __sfp_lock_acquire
001179b4 0000000c T __sfp_lock_release
001179c0 000000f8 T _malloc_trim_r
00117ab8 000002e8 T _free_r
00117da0 000004a4 T __sfvwrite_r
00118244 00000070 T _fwalk_reent
001182b4 00000008 T iswspace
001182bc 0000000c T _localeconv_r
001182c8 00000010 T __locale_mb_cur_max
001182d8 00000094 T __swhatbuf_r
0011836c 000000f8 T __smakebuf_r
00118464 00000060 T _mbrtowc_r
001184c4 000002fc T __utf8_mbtowc
001187c0 00000154 T memmove
00118914 00000088 T _Balloc
0011899c 0000001c T _Bfree
001189b8 000000d0 T __multadd
00118a88 000000ec T __s2b
00118b74 00000058 T __hi0bits
00118bcc 0000009c T __lo0bits
00118c68 00000020 T __i2b
00118c88 000001e0 T __multiply
00118e68 00000100 T __pow5mult
00118f68 00000114 T __lshift
0011907c 00000058 T __mcmp
001190d4 00000190 T __mdiff
00119264 00000088 T __ulp
001192ec 000000d4 T __b2d
001193c0 00000104 T __d2b
001194c4 00000084 T __ratio
00119548 0000006c T __copybits
001195b4 0000005c T __any_on
00119610 000000e8 T __sccl
001196f8 0000000c T nanf
00119708 000000a8 T frexp
001197b0 000000b8 T stpncpy
00119868 00000144 T strchr
001199ac 000000ec T strncmp
00119a98 00000054 t sulp
00119af0 00001414 T _strtod_l
0011af04 0000000c T _strtod_r
0011af10 0000023c t _strtoll_l.isra.0
0011b14c 00000004 T _strtoll_r
0011b150 000001b4 t _strtol_l.isra.0
0011b304 00000004 T _strtol_r
0011b308 0000024c t _strtoull_l.isra.0
0011b554 00000004 T _strtoull_r
0011b558 000001c8 t _strtoul_l.isra.0
0011b720 00000004 T _strtoul_r
0011b724 00000188 T __ssprint_r
0011b8ac 000000e0 T _sungetc_r
0011b98c 0000006c T __ssrefill_r
0011b9f8 000000c8 T _sfread_r
0011bac0 000000a8 T __submore
0011bb68 00000190 T _wcsnrtombs_l
0011bcf8 00000048 T _wcsnrtombs_r
0011bd40 000000f0 T __utf8_wctomb
0011be30 00000094 T _calloc_r
0011bec4 00000160 T _fclose_r
0011c024 000000ec t rshift
0011c110 00000828 T __gethex
0011c938 00000060 T __match
0011c998 0000028c T __hexnan
0011cc24 0000003c T iswspace_l
0011cc60 000001e0 t __jp2uc
0011ce40 00000094 T _jp2uc_l
0011ced8 00000010 T nan
0011cee8 00000088 T category
0011cf70 00000008 t null_write
0011cf78 00000018 T setDefaultDevice
0011cf90 000000c8 T FindDevice
0011d058 00000028 T RemoveDevice
0011d080 0000009c T AddDevice
0011d11c 00000078 T _fstat_r
0011d194 00000008 T _isatty_r
0011d19c 00000084 T _lseek_r
0011d220 00000080 T _read_r
0011d2a0 00000078 T _sbrk_r
0011d318 00000080 T _write_r
0011d398 00000024 T _exit
0011d3bc 000001bc T _concatenate_path
0011d578 0000015c T chdir
0011d6d4 00000008 T __flockfile
0011d6dc 00000008 T __funlockfile
0011d6e4 00000018 T __libc_lock_acquire
0011d6fc 00000018 T __libc_lock_release
0011d714 00000018 T __libc_lock_init_recursive
0011d72c 00000018 T __libc_lock_acquire_recursive
0011d744 00000018 T __libc_lock_release_recursive
0011d75c 00000018 T __libc_lock_close_recursive
0011d774 0000003c T __get_handle
0011d7b0 000000f8 T _close_r
0011d8a8 00000028 T __getreent
0011d8d0 00000044 T strrchr
0011d914 T _fini
0011e000 R default_font_bin
0011e800 R default_font_bin_end
0011e800 R default_font_bin_size
0011e9ac r .LC2
0011ea6c 00000030 r colorTable
0011ea9c 00000070 r dotab_stdout
0011eb0c 00000014 r CSWTCH.62
0011eb20 00000008 r framebufferInfoSt
0011eb98 00000030 r error_table
0011ebd0 00000004 R _global_impure_ptr
0011ec10 00000010 r blanks.8776
0011ec20 00000010 r zeroes.8777
0011ec38 00000022 r basefix.8820
0011ec5c 00000010 r blanks.8791
0011ec6c 00000010 r zeroes.8792
0011ec7c 00000101 R _ctype_
0011edd8 00000028 R __mprec_bigtens
0011ee00 000000c8 R __mprec_tens
0011eec8 0000000c r p05.7510
0011eee4 00000014 r fpi.7590
0011eef8 00000014 r fpinan.7626
0011ef10 00000028 r tinytens
0011ef38 0000006c R __action_table
0011efa4 00000100 R __chclass
0011f0a4 0000006c R __state_table
0011f110 00000100 R __hexdig
0011f224 000000bc r a1
0011f2e0 000000bc r a2
0011f39c 0000005b r a3
0011f3f8 00000070 r a6
0011f468 000000a2 r a7
0011f50c 00000040 r a8
0011f54c 0000172a r b02cf
00120c78 00001a7c r d02f4
001226f4 0000000c R _C_numeric_locale
00122700 0000309c r categories
001257a4 00000070 R dotab_stdnull
00125814 r 
00125814 R __exidx_end
00125814 R __exidx_start
00126000 W __stacksize__
00126004 00000004 D currentConsole
00126008 0000004c D defaultConsole
00126054 00000001 d firstConsoleInit.8429
00126055 00000001 d botFormat
00126058 00000008 d doubleBuf
00126060 00000001 d topFormat
00126064 00000004 d gspLastEvent
00126068 00000004 d aptFlags
0012606c 00000001 d aptHomeAllowed
00126070 00000004 V __ctru_linear_heap_size
00126074 00000401 d __cwd
00126478 00000070 d sdmc_devoptab
001264e8 00000004 D _impure_ptr
001264f0 00000460 d impure_data
00126950 00000408 D __malloc_av_
00126d58 00000004 D __malloc_sbrk_base
00126d5c 00000004 D __malloc_trim_threshold
00126d60 0000000c d __malloc_recursive_mutex
00126d6c 0000000c D __atexit_recursive_mutex
00126d78 0000000c d __sfp_recursive_mutex
00126d84 0000000c d __sinit_recursive_mutex
00126d90 0000016c D __global_locale
00126efc 00000002 d numempty
00126f00 00000004 d defaultDevice
00126f04 0000008c D devoptab_list
00126f90 00000400 d _current_working_directory
00127390 00000004 d __hndl_lock
00127394 0000000c d __stderr_handle
001273a0 0000000c d __stdin_handle
001273ac 0000000c d __stdout_handle
001273b8 00001000 d handles
001283b8 t __frame_dummy_init_array_entry
001283b8 T __init_array_start
001283b8 B __preinit_array_end
001283b8 B __preinit_array_start
001283b8 D __tdata_lma
001283b8 D __tdata_lma_end
001283b8 D __TMC_END__
001283b8 d __TMC_LIST__
001283bc t __do_global_dtors_aux_fini_array_entry
001283bc T __fini_array_start
001283bc T __init_array_end
001283c0 T __bss_start__
001283c0 T __fini_array_end
001283c0 b saved_stack
001283c8 b completed.10434
001283cc b object.10439
001283e4 00000002 b currentBuffer
001283e6 00000001 b enable3d
001283e8 00000004 b screenAlloc
001283ec 00000004 b screenFree
001283f0 00000004 b gspEvent
001283f4 0000001c b gspEventCb
00128410 0000001c b gspEventCbData
0012842c 00000007 b gspEventCbOneShot
00128434 0000001c b gspEventCounts
00128450 00000004 b gspEventData
00128454 00000004 b gspEventThread
00128458 00000038 b gspEvents
00128490 00000004 b gspRefCount
00128494 00000001 b gspRunEvents
00128495 00000001 b aptChainloadMediatype
00128498 00000008 b aptChainloadTid
001284a0 00000004 b aptEventHandlerThread
001284a4 0000000c b aptEvents
001284b0 0000000c b aptFirstHook
001284bc 00000001 b aptHomeButtonState
001284c0 00000004 b aptLockHandle
001284c4 00000004 b aptMessageFunc
001284c8 00000004 b aptMessageFuncData
001284cc 00001000 b aptParameters
001294cc 00000001 b aptRecentHomeButtonState
001294d0 00000004 b aptRefCount
001294d4 00000008 b aptSleepEvent
001294dc 00000001 b flagInit.8300
001294dd 00000001 b flagValue.8301
001294e0 00000004 b serviceName.7930
001294e4 00000006 b aVec
001294ec 00000004 b cPos
001294f0 00000006 b gRate
001294f8 00000004 b hidRefCount
001294fc 00000004 b kDown
00129500 00000004 b kHeld
00129504 00000004 b kOld
00129508 00000004 b kUp
0012950c 00000004 b tPos
00129510 00000004 b __httpc_refcount
00129514 00000004 b __httpc_sharedmem_handle
00129518 00000004 b __httpc_sharedmem_size
0012951c 00000004 V __ctru_heap_size
00129520 0000000c b sAddrMap
0012952c 00000008 b sVramPool
00129534 00000008 b sMappablePool
0012953c 0000000c b sAddrMap
00129548 00000008 b sLinearPool
00129550 0000000c b sAddrMap
0012955c 00000004 b arbiter
00129560 00000001 V __ctru_speedup
00129564 00000004 b srvHandle
00129568 00000004 b srvRefCount
0012956c 00000004 b csPos
00129570 00000004 b irrstRefCount
00129574 00000004 b kHeld
00129578 00000004 b srvPmHandle
0012957c 00000004 b ptmSysmHandle
00129580 00000004 b ptmSysmRefCount
00129588 00000008 b sdmcArchive
00129590 00000001 b sdmcInitialised
00129598 00000080 b fsExemptArchives
00129618 00000004 b fsuHandle
0012961c 00000004 b fsuRefCount
00129620 00000028 B __malloc_current_mallinfo
00129648 00000004 B __malloc_max_sbrked_mem
0012964c 00000004 B __malloc_max_total_mem
00129650 00000004 B __malloc_top_pad
00129654 00000004 b heap_start.7420
00129658 00000004 B fake_heap_end
0012965c 00000004 B fake_heap_start
00129660 00000400 b temp_cwd
00129a60 00000048 B __syscalls
00129aa8 0000004c B currentCopy
00129af4 00000008 B gfxBottomFramebuffers
00129afc 00000004 B gspSharedMemHandle
00129b00 0000001c B bottomFramebufferInfo
00129b1c 00000004 B gspEvent
00129b20 00000008 B gfxTopLeftFramebuffers
00129b28 00000008 B gfxTopRightFramebuffers
00129b30 0000001c B topFramebufferInfo
00129b4c 00000001 B gfxThreadID
00129b50 00000004 B gfxSharedMemory
00129b54 00000004 B gfxTopFramebufferMaxSize
00129b58 00000004 B gfxBottomFramebufferMaxSize
00129b5c 00000004 B gxCmdBuf
00129b60 00000004 B gspGpuHandle
00129b64 00000004 B hidMemHandle
00129b68 00000004 B hidHandle
00129b6c 00000004 B hidSharedMem
00129b70 00000014 B hidEvents
00129b84 00000004 B __httpc_servhandle
00129b88 00000004 B __httpc_sharedmem_addr
00129b8c 00000004 B __system_retAddr
00129b90 00000004 B __ctru_linear_heap
00129b94 00000004 B __ctru_heap
00129b98 00000004 B __system_argv
00129b9c 00000004 B __system_argc
00129ba0 00000004 B irrstHandle
00129ba4 00000004 B irrstEvent
00129ba8 00000004 B irrstMemHandle
00129bac 00000004 B irrstSharedMem
00129bb0 B __tls_start
0012afbc B __bss_end__
0012afbc A __end__
0012afbc B __tls_end
